<?xml version="1.0" encoding="UTF-8"?>
<!-- Generated by org.testng.reporters.JUnitReportReporter -->
<testsuite skipped="0" hostname="DESKTOP-V46V074" name="Testcases.loginTest" tests="1" failures="0" timestamp="2022-04-01T21:58:37 EDT" time="6.836" errors="0">
  <testcase name="login" time="6.836" classname="Testcases.loginTest"/>
  <system-out/>
</testsuite> <!-- Testcases.loginTest -->
