<?xml version="1.0" encoding="UTF-8"?>
<!-- Generated by org.testng.reporters.JUnitReportReporter -->
<testsuite skipped="0" hostname="DESKTOP-V46V074" name="baseUtil.baseClass" tests="1" failures="0" timestamp="2022-03-18T18:17:34 EDT" time="32.108" errors="0">
  <testcase name="login" time="32.108" classname="baseUtil.baseClass"/>
  <system-out/>
</testsuite> <!-- baseUtil.baseClass -->
